<?xml version="1.0" encoding="UTF-8"?>
<testsuite xmlns:xsi="http://www.w3.org/2001/XMLSchema-instance" xsi:noNamespaceSchemaLocation="https://maven.apache.org/surefire/maven-surefire-plugin/xsd/surefire-test-report-3.0.xsd" version="3.0" name="API.ApiRestGestaoLivrosApplicationTests" time="9.286" tests="1" errors="0" skipped="0" failures="0">
  <properties>
[...]
</properties>
  <testcase name="contextLoads" classname="API.ApiRestGestaoLivrosApplicationTests" time="0.788">
    <system-out><![CDATA[15:50:47.344 [main] INFO org.springframework.test.context.support.AnnotationConfigContextLoaderUtils -- Could not detect default configuration classes for test class [API.ApiRestGestaoLivrosApplicationTests]: ApiRestGestaoLivrosApplicationTests does not declare any static, non-private, non-final, nested classes annotated with @Configuration.
15:50:47.544 [main] INFO org.springframework.boot.test.context.SpringBootTestContextBootstrapper -- Found @SpringBootConfiguration API.Application for test class API.ApiRestGestaoLivrosApplicationTests

  .   ____          _            __ _ _
 /\\ / ___'_ __ _ _(_)_ __  __ _ \ \ \ \
( ( )\___ | '_ | '_| | '_ \/ _` | \ \ \ \
 \\/  ___)| |_)| | | | | || (_| |  ) ) ) )
  '  |____| .__|_| |_|_| |_\__, | / / / /
 =========|_|==============|___/=/_/_/_/

 :: Spring Boot ::                (v3.3.1)

2024-06-27T15:50:48.165-03:00  INFO 11752 --- [APIRest-GestaoLivros] [           main] A.ApiRestGestaoLivrosApplicationTests    : Starting ApiRestGestaoLivrosApplicationTests using Java 21.0.2 with PID 11752 (started by comba in C:\Users\comba\OneDrive\Área de Trabalho\Portfólio\APIRestLivros\APIRest-GestaoLivros)
2024-06-27T15:50:48.168-03:00  INFO 11752 --- [APIRest-GestaoLivros] [           main] A.ApiRestGestaoLivrosApplicationTests    : No active profile set, falling back to 1 default profile: "default"
2024-06-27T15:50:49.644-03:00  INFO 11752 --- [APIRest-GestaoLivros] [           main] .s.d.r.c.RepositoryConfigurationDelegate : Bootstrapping Spring Data JPA repositories in DEFAULT mode.
2024-06-27T15:50:49.740-03:00  INFO 11752 --- [APIRest-GestaoLivros] [           main] .s.d.r.c.RepositoryConfigurationDelegate : Finished Spring Data repository scanning in 78 ms. Found 1 JPA repository interface.
2024-06-27T15:50:50.433-03:00  INFO 11752 --- [APIRest-GestaoLivros] [           main] com.zaxxer.hikari.HikariDataSource       : HikariPool-1 - Starting...
2024-06-27T15:50:50.763-03:00  INFO 11752 --- [APIRest-GestaoLivros] [           main] com.zaxxer.hikari.pool.HikariPool        : HikariPool-1 - Added connection conn0: url=jdbc:h2:mem:7d7f9fbb-f0fe-4d1a-895c-d1939745e013 user=SA
2024-06-27T15:50:50.766-03:00  INFO 11752 --- [APIRest-GestaoLivros] [           main] com.zaxxer.hikari.HikariDataSource       : HikariPool-1 - Start completed.
2024-06-27T15:50:50.839-03:00  INFO 11752 --- [APIRest-GestaoLivros] [           main] o.hibernate.jpa.internal.util.LogHelper  : HHH000204: Processing PersistenceUnitInfo [name: default]
2024-06-27T15:50:50.987-03:00  INFO 11752 --- [APIRest-GestaoLivros] [           main] org.hibernate.Version                    : HHH000412: Hibernate ORM core version 6.5.2.Final
2024-06-27T15:50:51.206-03:00  INFO 11752 --- [APIRest-GestaoLivros] [           main] o.h.c.internal.RegionFactoryInitiator    : HHH000026: Second-level cache disabled
2024-06-27T15:50:52.338-03:00  INFO 11752 --- [APIRest-GestaoLivros] [           main] o.s.o.j.p.SpringPersistenceUnitInfo      : No LoadTimeWeaver setup: ignoring JPA class transformer
2024-06-27T15:50:53.800-03:00  INFO 11752 --- [APIRest-GestaoLivros] [           main] o.h.e.t.j.p.i.JtaPlatformInitiator       : HHH000489: No JTA platform available (set 'hibernate.transaction.jta.platform' to enable JTA platform integration)
2024-06-27T15:50:53.860-03:00  INFO 11752 --- [APIRest-GestaoLivros] [           main] j.LocalContainerEntityManagerFactoryBean : Initialized JPA EntityManagerFactory for persistence unit 'default'
2024-06-27T15:50:54.657-03:00  WARN 11752 --- [APIRest-GestaoLivros] [           main] JpaBaseConfiguration$JpaWebConfiguration : spring.jpa.open-in-view is enabled by default. Therefore, database queries may be performed during view rendering. Explicitly configure spring.jpa.open-in-view to disable this warning
2024-06-27T15:50:55.553-03:00  INFO 11752 --- [APIRest-GestaoLivros] [           main] A.ApiRestGestaoLivrosApplicationTests    : Started ApiRestGestaoLivrosApplicationTests in 7.767 seconds (process running for 9.299)
]]></system-out>
    <system-err><![CDATA[WARNING: A Java agent has been loaded dynamically (C:\Users\comba\.m2\repository\net\bytebuddy\byte-buddy-agent\1.14.17\byte-buddy-agent-1.14.17.jar)
WARNING: If a serviceability tool is in use, please run with -XX:+EnableDynamicAgentLoading to hide this warning
WARNING: If a serviceability tool is not in use, please run with -Djdk.instrument.traceUsage for more information
WARNING: Dynamic loading of agents will be disallowed by default in a future release
]]></system-err>
  </testcase>
</testsuite>